[8083] HDF5 Reader Running
[8084] HDF5 Reader Running
[8086] HDF5 Reader Running
[8081] HDF5 Reader Running
[8085] HDF5 Reader Running
[8080] HDF5 Reader Running
[8087] HDF5 Reader Running
[8082] HDF5 Reader Running
[8081] 771
[8084] 777
[8082] 779
[8085] 781
[8080] 784
[8083] 786
[8086] 783
[8087] 786
[8081] 769
[8084] 772
[8083] 775
[8085] 778
[8080] 778
[8082] 779
[8086] 777
[8087] 786
[8081] 760
[8082] 771
[8084] 774
[8083] 776
[8080] 776
[8086] 777
[8085] 779
[8087] 782
[8081] 788
[8082] 790
[8084] 791
[8085] 792
[8080] 795
[8083] 796
[8086] 797
[8087] 800
[8086] 784
[8080] 788
[8082] 788
[8085] 791
[8083] 793
[8084] 797
[8081] 799
[8087] 800
