[8080] Fits Reader Running
[8087] Fits Reader Running
[8081] Fits Reader Running
[8086] Fits Reader Running
[8092] Fits Reader Running
[8095] Fits Reader Running
[8090] Fits Reader Running
[8091] Fits Reader Running
[8088] Fits Reader Running
[8083] Fits Reader Running
[8085] Fits Reader Running
[8094] Fits Reader Running
[8084] Fits Reader Running
[8093] Fits Reader Running
[8082] Fits Reader Running
[8089] Fits Reader Running
[8083] 2911,128000000,43971
[8080] 2944,128000000,43478
[8088] 2951,128000000,43375
[8086] 2959,128000000,43257
[8085] 2967,128000000,43141
[8091] 2972,128000000,43068
[8089] 2979,128000000,42967
[8095] 2985,128000000,42881
[8087] 2987,128000000,42852
[8093] 2989,128000000,42823
[8092] 2988,128000000,42838
[8094] 2995,128000000,42737
[8081] 2998,128000000,42695
[8090] 3000,128000000,42666
[8084] 3005,128000000,42595
[8082] 3014,128000000,42468
